<?xml version="1.0" encoding="UTF-8"?>
<testsuite name="Get a plans and addons information" tests="1" skipped="0" failures="0" errors="0" timestamp="2018-07-02T14:40:13" hostname="FULL375-PRT.FULL.Creative" time="4.64">
  <properties/>
  <testcase name="Testing a getPlansAndAddons information, with the request param of GET EndPoint" classname="Get a plans and addons information" time="4.64"/>
  <system-out><![CDATA[    ?[32mGiven ?[0m?[32mcall the getStaticPlansAndAddons service with the relavent brandId?[0m                ?[90m# GetPlansAndAddonsStepDefinition.call_the_getStaticPlansAndAddons_service_with_the_relavent_brandId()?[0m
    ?[32mWhen ?[0m?[32mvalidate the statusCode and response from it?[0m                                       ?[90m# GetPlansAndAddonsStepDefinition.validate_the_statusCode_and_response_from_it()?[0m
{"data":{"plans":{"ivrPlan":[{"access":"user","minutes":"10000 Minutes","displayName":"399.99","price":"399.99","overages":"0.0800000000","description":"10000 Min $399.99 / Month","setUpFee":"49.99","id":"3616","jBillingId":"3616","status":"active"},{"access":"user","minutes":"20000 Minutes","displayName":"799.99","price":"799.99","overages":"0.0800000000","description":"20000 Min $799.99 / Month","setUpFee":"49.99","id":"3617","jBillingId":"3617","status":"active"},{"access":"user","minutes":"500 Minutes","displayName":"29.99","price":"29.99","overages":"0.0800000000","description":"500 Min $29.99 / Month","setUpFee":"49.99","id":"3502","jBillingId":"3502","status":"active"},{"access":"admin","minutes":"500 Minutes","displayName":"IVR (500 Mins)","price":"19.99","overages":"0.0690000000","description":"500 IVR Minutes - $19.99 / Month","setUpFee":"49.99","id":"1201","jBillingId":"1201","status":"active"},{"access":"user","minutes":"2000 Minutes","displayName":"IVR (2000 Mins)","price":"49.99","overages":"0.0690000000","description":"2000 IVR Minutes - $49.99 / Month","setUpFee":"0.0","id":"1202","jBillingId":"1202","status":"active"},{"access":"user","minutes":"30000 Minutes","displayName":"IVR (30000 Mins)","price":"1299.99","overages":"0.0800000000","description":"30000 Mins IVR - $1299.99 / Month","setUpFee":"49.99","id":"3700","jBillingId":"3700","status":"active"},{"access":"user","minutes":"1100 Minutes","displayName":"59.99","price":"59.99","overages":"0.0800000000","description":"1100 Min $59.99 / Month","setUpFee":"49.99","id":"3612","jBillingId":"3612","status":"active"},{"access":"user","minutes":"5000 Minutes","displayName":"229.99","price":"229.99","overages":"0.0800000000","description":"5000 Min $229.99 / Month","setUpFee":"49.99","id":"3614","jBillingId":"3614","status":"active"},{"access":"user","minutes":"2200 Minutes","displayName":"109.99","price":"109.99","overages":"0.0800000000","description":"2200 Min $109.99 / Month","setUpFee":"49.99","id":"3615","jBillingId":"3615","status":"active"}],"voicePlan":[{"access":"user","minutes":"600 Minutes","displayName":"499.00","price":"499.00","overages":"0.9500000000","description":"600 Mins Plan - £499","setUpFee":"0.0","id":"4608","jBillingId":"4608","status":"active"},{"access":"user","minutes":"850 Minutes","displayName":"699.00","price":"699.00","overages":"0.9500000000","description":"850 Mins Plan - £699","setUpFee":"0.0","id":"4609","jBillingId":"4609","status":"active"},{"access":"user","minutes":"1500 Minutes","displayName":"1199.00","price":"1199.00","overages":"0.9500000000","description":"1500 Mins Plan - £1199","setUpFee":"0.0","id":"4610","jBillingId":"4610","status":"active"},{"access":"user","minutes":"3000 Minutes","displayName":"2299.00","price":"2299.00","overages":"0.9000000000","description":"3000 Mins Plan - £2299","setUpFee":"0.0","id":"4611","jBillingId":"4611","status":"active"},{"access":"user","minutes":"6000 Minutes","displayName":"4299.00","price":"4299.00","overages":"0.9000000000","description":"6000 Mins Plan  - £4299","setUpFee":"0.0","id":"4612","jBillingId":"4612","status":"active"},{"access":"user","minutes":"12000 Minutes","displayName":"8299.00","price":"8299.00","overages":"0.9000000000","description":"12000 Mins Plan - £8299","setUpFee":"0.0","id":"4613","jBillingId":"4613","status":"active"},{"access":"user","minutes":"24000 Minutes","displayName":"15999.00","price":"15999.00","overages":"0.9000000000","description":"24000 Mins Plan  - £15999","setUpFee":"0.0","id":"4614","jBillingId":"4614","status":"active"},{"access":"user","minutes":"48000 Minutes","displayName":"30999.00","price":"30999.00","overages":"0.9000000000","description":"48000 Mins Plan - £30999","setUpFee":"0.0","id":"4615","jBillingId":"4615","status":"active"},{"access":"user","minutes":"100000 Minutes","displayName":"65999.00","price":"65999.00","overages":"0.9000000000","description":"100000 Mins Plan - £65999","setUpFee":"0.0","id":"4616","jBillingId":"4616","status":"active"},{"access":"admin","displayName":"19.00","price":"19.00","overages":"1.9500000000","description":"Retention Plan - £19 / Month","setUpFee":"0.0","id":"4631","jBillingId":"4631","status":"active"},{"access":"user","minutes":"125 Minutes","displayName":"99.00","price":"99.00","overages":"1.0000000000","description":"125 Mins Plan - £99","setUpFee":"49.99","id":"4605","jBillingId":"4605","status":"active"},{"access":"user","minutes":"200 Minutes","displayName":"199.00","price":"199.00","overages":"1.0000000000","description":"200 Mins Plan - £199","setUpFee":"49.99","id":"4606","jBillingId":"4606","status":"active"},{"access":"user","minutes":"300 Minutes","displayName":"219.00","price":"219.00","overages":"0.9500000000","description":"300 Mins Plan - £219","setUpFee":"0.0","id":"4607","jBillingId":"4607","status":"active"}]}},"message":"","status":"success"}
[{"access":"user","minutes":"10000 Minutes","displayName":"399.99","price":"399.99","overages":"0.0800000000","description":"10000 Min $399.99 / Month","setUpFee":"49.99","id":"3616","jBillingId":"3616","status":"active"},{"access":"user","minutes":"20000 Minutes","displayName":"799.99","price":"799.99","overages":"0.0800000000","description":"20000 Min $799.99 / Month","setUpFee":"49.99","id":"3617","jBillingId":"3617","status":"active"},{"access":"user","minutes":"500 Minutes","displayName":"29.99","price":"29.99","overages":"0.0800000000","description":"500 Min $29.99 / Month","setUpFee":"49.99","id":"3502","jBillingId":"3502","status":"active"},{"access":"admin","minutes":"500 Minutes","displayName":"IVR (500 Mins)","price":"19.99","overages":"0.0690000000","description":"500 IVR Minutes - $19.99 / Month","setUpFee":"49.99","id":"1201","jBillingId":"1201","status":"active"},{"access":"user","minutes":"2000 Minutes","displayName":"IVR (2000 Mins)","price":"49.99","overages":"0.0690000000","description":"2000 IVR Minutes - $49.99 / Month","setUpFee":"0.0","id":"1202","jBillingId":"1202","status":"active"},{"access":"user","minutes":"30000 Minutes","displayName":"IVR (30000 Mins)","price":"1299.99","overages":"0.0800000000","description":"30000 Mins IVR - $1299.99 / Month","setUpFee":"49.99","id":"3700","jBillingId":"3700","status":"active"},{"access":"user","minutes":"1100 Minutes","displayName":"59.99","price":"59.99","overages":"0.0800000000","description":"1100 Min $59.99 / Month","setUpFee":"49.99","id":"3612","jBillingId":"3612","status":"active"},{"access":"user","minutes":"5000 Minutes","displayName":"229.99","price":"229.99","overages":"0.0800000000","description":"5000 Min $229.99 / Month","setUpFee":"49.99","id":"3614","jBillingId":"3614","status":"active"},{"access":"user","minutes":"2200 Minutes","displayName":"109.99","price":"109.99","overages":"0.0800000000","description":"2200 Min $109.99 / Month","setUpFee":"49.99","id":"3615","jBillingId":"3615","status":"active"}]
Random : 4
IVR Object Data{"access":"user","minutes":"2000 Minutes","displayName":"IVR (2000 Mins)","price":"49.99","overages":"0.0690000000","description":"2000 IVR Minutes - $49.99 / Month","setUpFee":"0.0","id":"1202","jBillingId":"1202","status":"active"}
1202
IVR Plan Id: 1202
[{"access":"user","minutes":"600 Minutes","displayName":"499.00","price":"499.00","overages":"0.9500000000","description":"600 Mins Plan - £499","setUpFee":"0.0","id":"4608","jBillingId":"4608","status":"active"},{"access":"user","minutes":"850 Minutes","displayName":"699.00","price":"699.00","overages":"0.9500000000","description":"850 Mins Plan - £699","setUpFee":"0.0","id":"4609","jBillingId":"4609","status":"active"},{"access":"user","minutes":"1500 Minutes","displayName":"1199.00","price":"1199.00","overages":"0.9500000000","description":"1500 Mins Plan - £1199","setUpFee":"0.0","id":"4610","jBillingId":"4610","status":"active"},{"access":"user","minutes":"3000 Minutes","displayName":"2299.00","price":"2299.00","overages":"0.9000000000","description":"3000 Mins Plan - £2299","setUpFee":"0.0","id":"4611","jBillingId":"4611","status":"active"},{"access":"user","minutes":"6000 Minutes","displayName":"4299.00","price":"4299.00","overages":"0.9000000000","description":"6000 Mins Plan  - £4299","setUpFee":"0.0","id":"4612","jBillingId":"4612","status":"active"},{"access":"user","minutes":"12000 Minutes","displayName":"8299.00","price":"8299.00","overages":"0.9000000000","description":"12000 Mins Plan - £8299","setUpFee":"0.0","id":"4613","jBillingId":"4613","status":"active"},{"access":"user","minutes":"24000 Minutes","displayName":"15999.00","price":"15999.00","overages":"0.9000000000","description":"24000 Mins Plan  - £15999","setUpFee":"0.0","id":"4614","jBillingId":"4614","status":"active"},{"access":"user","minutes":"48000 Minutes","displayName":"30999.00","price":"30999.00","overages":"0.9000000000","description":"48000 Mins Plan - £30999","setUpFee":"0.0","id":"4615","jBillingId":"4615","status":"active"},{"access":"user","minutes":"100000 Minutes","displayName":"65999.00","price":"65999.00","overages":"0.9000000000","description":"100000 Mins Plan - £65999","setUpFee":"0.0","id":"4616","jBillingId":"4616","status":"active"},{"access":"admin","displayName":"19.00","price":"19.00","overages":"1.9500000000","description":"Retention Plan - £19 / Month","setUpFee":"0.0","id":"4631","jBillingId":"4631","status":"active"},{"access":"user","minutes":"125 Minutes","displayName":"99.00","price":"99.00","overages":"1.0000000000","description":"125 Mins Plan - £99","setUpFee":"49.99","id":"4605","jBillingId":"4605","status":"active"},{"access":"user","minutes":"200 Minutes","displayName":"199.00","price":"199.00","overages":"1.0000000000","description":"200 Mins Plan - £199","setUpFee":"49.99","id":"4606","jBillingId":"4606","status":"active"},{"access":"user","minutes":"300 Minutes","displayName":"219.00","price":"219.00","overages":"0.9500000000","description":"300 Mins Plan - £219","setUpFee":"0.0","id":"4607","jBillingId":"4607","status":"active"}]
4612
    ?[32mThen ?[0m?[32mget random plans?[0m                                                                   ?[90m# GetPlansAndAddonsStepDefinition.get_random_plans()?[0m
]]></system-out>
  <system-err><![CDATA[[Test worker] INFO net.thucydides.core.steps.ConsoleLoggingListener - 
        __    _____ _____ ____ _____   ____   _    ____  ____  _____ ____  
  _     \ \  |_   _| ____/ ___|_   _| |  _ \ / \  / ___|/ ___|| ____|  _ \ 
 (_)_____| |   | | |  _| \___ \ | |   | |_) / _ \ \___ \\___ \|  _| | | | |
  _|_____| |   | | | |___ ___) || |   |  __/ ___ \ ___) |___) | |___| |_| |
 (_)     | |   |_| |_____|____/ |_|   |_| /_/   \_\____/|____/|_____|____/ 
        /_/                                                                

TEST PASSED: Testing a getPlansAndAddons information, with the request param of GET EndPoint
----------------------------------------------------------------------------
]]></system-err>
</testsuite>
