<?xml version="1.0" encoding="UTF-8"?>
<testsuite name="Get the freeable Asset from the Jbilling" tests="1" skipped="0" failures="0" errors="0" timestamp="2018-07-02T14:40:11" hostname="FULL375-PRT.FULL.Creative" time="2.221">
  <properties/>
  <testcase name="Testing a get open assets, with request param of GET EndPoint" classname="Get the freeable Asset from the Jbilling" time="2.221"/>
  <system-out><![CDATA[    ?[32mGiven ?[0m?[32mcall the getAvailableAsset service with the type as EightXX?[0m     ?[90m# GetAvailableAssetStepDefinition.call_the_getAvailableAsset_service_with_the_type_as_EightXX()?[0m
    ?[32mThen ?[0m?[32mvalidate the statusCode and check the response status?[0m            ?[90m# GetAvailableAssetStepDefinition.validate_the_statusCode_and_check_the_response_status()?[0m
{"assetId":"190","assetValue":"8664356914"}
    ?[32mAnd ?[0m?[32mget random asset?[0m                                                  ?[90m# GetAvailableAssetStepDefinition.get_random_asset()?[0m
]]></system-out>
  <system-err><![CDATA[[Test worker] INFO net.thucydides.core.steps.ConsoleLoggingListener - 
        __    _____ _____ ____ _____   ____   _    ____  ____  _____ ____  
  _     \ \  |_   _| ____/ ___|_   _| |  _ \ / \  / ___|/ ___|| ____|  _ \ 
 (_)_____| |   | | |  _| \___ \ | |   | |_) / _ \ \___ \\___ \|  _| | | | |
  _|_____| |   | | | |___ ___) || |   |  __/ ___ \ ___) |___) | |___| |_| |
 (_)     | |   |_| |_____|____/ |_|   |_| /_/   \_\____/|____/|_____|____/ 
        /_/                                                                

TEST PASSED: Testing a get open assets, with request param of GET EndPoint
----------------------------------------------------------------------------
]]></system-err>
</testsuite>
