<?xml version="1.0" encoding="UTF-8"?>
<testsuite name="Create A Profile Creation Without Transaction" tests="1" skipped="0" failures="0" errors="0" timestamp="2018-07-02T14:39:48" hostname="FULL375-PRT.FULL.Creative" time="23.281">
  <properties/>
  <testcase name="Testing a create user without transaction but bind with cc detail, with requestBody of POST EndPoint" classname="Create A Profile Creation Without Transaction" time="23.281"/>
  <system-out><![CDATA[1
false
!------------------------------*****-------------------------------!
User Object for creation : 
{"firstName":"Testing","lastName":"Jbilling","userEmail":"z5b2zq_test@mail.com","brandId":"fd335ead-dac3-4ce1-8908-badaae9c0aa0","uniquePin":"d031f47e-4195-4b69-a4d0-a51ab537c1d9","serviceAgreement":"90 Days","linkToCRM":"https://dist-sourcetest.appspot.com/crm#account/d031f47e-4195-4b69-a4d0-a51ab537c1d9","accountNumber":"0230198915","setUpFee":0,"address":"Addr1","address2":"Addr2","city":"OR","state":"Portland","country":"US","zip":"98343","organizationName":"TESTz5b2zq","phoneNumber":"0123456789","paymentType":"cc","nameOnCard":"Abinaya","cardNumber":"4111111111111111","expDate":"09/2020","cardType":"Visa","transactionID":"gvhvh3456","agentPin":"8943","agentName":"Test_Ab","billingContact1":{"First Name":"Abi","Last Name":"naya","Phone Number":"87673467376","Email":"testing@billing.com"}}
    ?[32mGiven ?[0m?[32mget the proper data to create a user?[0m                                                                   ?[90m# CreateProfileStepDefinition.get_the_proper_data_to_create_a_user()?[0m
!-------------------------------------------------------------------!
Brand Id : {"lastName":"Jbilling","country":"US","agentPin":"8943","city":"OR","expDate":"09/2020","transactionID":"gvhvh3456","paymentType":"cc","nameOnCard":"Abinaya","linkToCRM":"https://dist-sourcetest.appspot.com/crm#account/d031f47e-4195-4b69-a4d0-a51ab537c1d9","userEmail":"z5b2zq_test@mail.com","state":"Portland","zip":"98343","address":"Addr1","organizationName":"TESTz5b2zq","address2":"Addr2","cardType":"Visa","agentName":"Test_Ab","accountNumber":"0230198915","uniquePin":"d031f47e-4195-4b69-a4d0-a51ab537c1d9","firstName":"Testing","phoneNumber":"0123456789","serviceAgreement":"90 Days","brandId":"fd335ead-dac3-4ce1-8908-badaae9c0aa0","billingContact1":{"Email":"testing@billing.com","First Name":"Abi","Last Name":"naya","Phone Number":"87673467376"},"setUpFee":0,"cardNumber":"4111111111111111"}
    ?[32mWhen ?[0m?[32mcall the create user service to create a user with cc?[0m                                                   ?[90m# CreateProfileStepDefinition.call_the_create_user_service_to_create_a_user_with_cc()?[0m
    ?[32mThen ?[0m?[32mverify the response and status code?[0m                                                                     ?[90m# CreateProfileStepDefinition.verify_the_response_and_status_code()?[0m
1087385
fd335ead-dac3-4ce1-8908-badaae9c0aa0
28
From get service the AccountPin : d031f47e-4195-4b69-a4d0-a51ab537c1d9
Test purpose - Brand Id : fd335ead-dac3-4ce1-8908-badaae9c0aa0
Test purpose - Account Pin : d031f47e-4195-4b69-a4d0-a51ab537c1d9
    ?[32mWhen ?[0m?[32mcheck the user information with relevant get services?[0m                                                   ?[90m# CreateProfileStepDefinition.check_the_user_information_with_relevant_get_services()?[0m
    ?[32mAnd ?[0m?[32mverify the response of get services?[0m                                                                      ?[90m# CreateProfileStepDefinition.verify_the_response_of_get_services()?[0m
]]></system-out>
  <system-err><![CDATA[[Test worker] INFO net.thucydides.core.steps.ConsoleLoggingListener - 
        __    _____ _____ ____ _____   ____   _    ____  ____  _____ ____  
  _     \ \  |_   _| ____/ ___|_   _| |  _ \ / \  / ___|/ ___|| ____|  _ \ 
 (_)_____| |   | | |  _| \___ \ | |   | |_) / _ \ \___ \\___ \|  _| | | | |
  _|_____| |   | | | |___ ___) || |   |  __/ ___ \ ___) |___) | |___| |_| |
 (_)     | |   |_| |_____|____/ |_|   |_| /_/   \_\____/|____/|_____|____/ 
        /_/                                                                

TEST PASSED: Testing a create user without transaction but bind with cc detail, with requestBody of POST EndPoint
----------------------------------------------------------------------------
]]></system-err>
</testsuite>
