<?xml version="1.0" encoding="UTF-8"?>
<testsuite name="Steps.ScenarioRunner" tests="0" skipped="0" failures="0" errors="0" timestamp="1970-01-01T00:00:00" hostname="FULL375-PRT.FULL.Creative" time="0.0">
  <properties/>
  <system-out><![CDATA[Feature: Create A Profile Creation Without Transaction
  I want to create a user without any transaction with relavent brand

  @CreateAUserWithoutTransactionWithCCDetails
  Scenario: Testing a create user without transaction but bind with cc detail, with requestBody of POST EndPoint ?[90m# src/test/resources/features/CreateAProfile/CreateAUser.feature:13?[0m

Feature: Get the freeable Asset from the Jbilling
	This feature is to get the open assets from get service

  @GetOpenAssets
  Scenario: Testing a get open assets, with request param of GET EndPoint ?[90m# src/test/resources/features/GetOpenAssets/OpenAssets.feature:5?[0m

Feature: Get a plans and addons information
	This feature to get the plans and addons record from the relavent brand

  @getPlansDetail
  Scenario: Testing a getPlansAndAddons information, with the request param of GET EndPoint ?[90m# src/test/resources/features/GetPlansAndAddons/PlansDetails.feature:5?[0m

Feature: Map the plans and Addons to the customer
	This feature is to link the plans to the customer

  @MapPlans
  Scenario: Testing a mapping the plans information, with the requestBody of POST EndPoint ?[90m# src/test/resources/features/MapPlansToUser/PlansAndAddonLinkToCustomer.feature:5?[0m

4 Scenarios (?[32m4 passed?[0m)
14 Steps (?[32m14 passed?[0m)
0m34.361s

]]></system-out>
  <system-err><![CDATA[WARNING: Found tags option '@CreateAUserWithoutTransactionWithCCDetails,@GetOpenAssets, @getPlansDetail, @MapPlans'. Support for '@tag1,@tag2' will be removed from the next release of Cucumber-JVM. Please use '@tag or @tag2' instead
[Test worker] INFO net.thucydides.core.steps.ConsoleLoggingListener - ?[36m

-------------------------------------------------------------------------------------
     _______. _______ .______       _______ .__   __.  __  .___________.____    ____ 
    /       ||   ____||   _  \     |   ____||  \ |  | |  | |           |\   \  /   / 
   |   (----`|  |__   |  |_)  |    |  |__   |   \|  | |  | `---|  |----` \   \/   /  
    \   \    |   __|  |      /     |   __|  |  . `  | |  |     |  |       \_    _/   
.----)   |   |  |____ |  |\  \----.|  |____ |  |\   | |  |     |  |         |  |     
|_______/    |_______|| _| `._____||_______||__| \__| |__|     |__|         |__|    
                                                                                     
 News and tutorials at http://www.serenity-bdd.info                                  
 Documentation at https://wakaleo.gitbooks.io/the-serenity-book/content/             
 Join the Serenity Community on Rocket Chat at https://serenity-bdd.rocket.chat      
 Serenity BDD Support and Training at http://serenity-bdd.info/#/trainingandsupport  
 Learn Serenity BDD online at http://serenity-dojo.com                               
-------------------------------------------------------------------------------------
?[0m
[Test worker] INFO net.thucydides.core.steps.ConsoleLoggingListener - Test Suite Started: Create A Profile Creation Without Transaction
[Test worker] INFO net.thucydides.core.steps.ConsoleLoggingListener - Test Suite Started: Get the freeable Asset from the Jbilling
[Test worker] INFO net.thucydides.core.steps.ConsoleLoggingListener - Test Suite Started: Get a plans and addons information
[Test worker] INFO net.thucydides.core.steps.ConsoleLoggingListener - Test Suite Started: Map the plans and Addons to the customer
[Test worker] INFO net.thucydides.core.steps.ConsoleLoggingListener - 
 _____ _____ ____ _____   ____ _____  _    ____ _____ _____ ____  
|_   _| ____/ ___|_   _| / ___|_   _|/ \  |  _ \_   _| ____|  _ \ 
  | | |  _| \___ \ | |   \___ \ | | / _ \ | |_) || | |  _| | | | |
  | | | |___ ___) || |    ___) || |/ ___ \|  _ < | | | |___| |_| |
  |_| |_____|____/ |_|   |____/ |_/_/   \_\_| \_\|_| |_____|____/ 
                                                                  

TEST STARTED: Testing a create user without transaction but bind with cc detail, with requestBody of POST EndPoint
-------------------------------------------------------------------(create-a-profile-creation-without-transaction;testing-a-create-user-without-transaction-but-bind-with-cc-detail--with-requestbody-of-post-endpoint)
[Test worker] INFO net.thucydides.core.steps.ConsoleLoggingListener - 
        __    _____ _____ ____ _____   ____   _    ____  ____  _____ ____  
  _     \ \  |_   _| ____/ ___|_   _| |  _ \ / \  / ___|/ ___|| ____|  _ \ 
 (_)_____| |   | | |  _| \___ \ | |   | |_) / _ \ \___ \\___ \|  _| | | | |
  _|_____| |   | | | |___ ___) || |   |  __/ ___ \ ___) |___) | |___| |_| |
 (_)     | |   |_| |_____|____/ |_|   |_| /_/   \_\____/|____/|_____|____/ 
        /_/                                                                

TEST PASSED: Testing a create user without transaction but bind with cc detail, with requestBody of POST EndPoint
----------------------------------------------------------------------------
[Test worker] INFO net.thucydides.core.steps.ConsoleLoggingListener - 
 _____ _____ ____ _____   ____ _____  _    ____ _____ _____ ____  
|_   _| ____/ ___|_   _| / ___|_   _|/ \  |  _ \_   _| ____|  _ \ 
  | | |  _| \___ \ | |   \___ \ | | / _ \ | |_) || | |  _| | | | |
  | | | |___ ___) || |    ___) || |/ ___ \|  _ < | | | |___| |_| |
  |_| |_____|____/ |_|   |____/ |_/_/   \_\_| \_\|_| |_____|____/ 
                                                                  

TEST STARTED: Testing a get open assets, with request param of GET EndPoint
-------------------------------------------------------------------(get-the-freeable-asset-from-the-jbilling;testing-a-get-open-assets--with-request-param-of-get-endpoint)
[Test worker] INFO net.thucydides.core.steps.ConsoleLoggingListener - 
        __    _____ _____ ____ _____   ____   _    ____  ____  _____ ____  
  _     \ \  |_   _| ____/ ___|_   _| |  _ \ / \  / ___|/ ___|| ____|  _ \ 
 (_)_____| |   | | |  _| \___ \ | |   | |_) / _ \ \___ \\___ \|  _| | | | |
  _|_____| |   | | | |___ ___) || |   |  __/ ___ \ ___) |___) | |___| |_| |
 (_)     | |   |_| |_____|____/ |_|   |_| /_/   \_\____/|____/|_____|____/ 
        /_/                                                                

TEST PASSED: Testing a get open assets, with request param of GET EndPoint
----------------------------------------------------------------------------
[Test worker] INFO net.thucydides.core.steps.ConsoleLoggingListener - 
 _____ _____ ____ _____   ____ _____  _    ____ _____ _____ ____  
|_   _| ____/ ___|_   _| / ___|_   _|/ \  |  _ \_   _| ____|  _ \ 
  | | |  _| \___ \ | |   \___ \ | | / _ \ | |_) || | |  _| | | | |
  | | | |___ ___) || |    ___) || |/ ___ \|  _ < | | | |___| |_| |
  |_| |_____|____/ |_|   |____/ |_/_/   \_\_| \_\|_| |_____|____/ 
                                                                  

TEST STARTED: Testing a getPlansAndAddons information, with the request param of GET EndPoint
-------------------------------------------------------------------(get-a-plans-and-addons-information;testing-a-getplansandaddons-information--with-the-request-param-of-get-endpoint)
[Test worker] INFO net.thucydides.core.steps.ConsoleLoggingListener - 
        __    _____ _____ ____ _____   ____   _    ____  ____  _____ ____  
  _     \ \  |_   _| ____/ ___|_   _| |  _ \ / \  / ___|/ ___|| ____|  _ \ 
 (_)_____| |   | | |  _| \___ \ | |   | |_) / _ \ \___ \\___ \|  _| | | | |
  _|_____| |   | | | |___ ___) || |   |  __/ ___ \ ___) |___) | |___| |_| |
 (_)     | |   |_| |_____|____/ |_|   |_| /_/   \_\____/|____/|_____|____/ 
        /_/                                                                

TEST PASSED: Testing a getPlansAndAddons information, with the request param of GET EndPoint
----------------------------------------------------------------------------
[Test worker] INFO net.thucydides.core.steps.ConsoleLoggingListener - 
 _____ _____ ____ _____   ____ _____  _    ____ _____ _____ ____  
|_   _| ____/ ___|_   _| / ___|_   _|/ \  |  _ \_   _| ____|  _ \ 
  | | |  _| \___ \ | |   \___ \ | | / _ \ | |_) || | |  _| | | | |
  | | | |___ ___) || |    ___) || |/ ___ \|  _ < | | | |___| |_| |
  |_| |_____|____/ |_|   |____/ |_/_/   \_\_| \_\|_| |_____|____/ 
                                                                  

TEST STARTED: Testing a mapping the plans information, with the requestBody of POST EndPoint
-------------------------------------------------------------------(map-the-plans-and-addons-to-the-customer;testing-a-mapping-the-plans-information--with-the-requestbody-of-post-endpoint)
[Test worker] INFO net.thucydides.core.steps.ConsoleLoggingListener - 
        __    _____ _____ ____ _____   ____   _    ____  ____  _____ ____  
  _     \ \  |_   _| ____/ ___|_   _| |  _ \ / \  / ___|/ ___|| ____|  _ \ 
 (_)_____| |   | | |  _| \___ \ | |   | |_) / _ \ \___ \\___ \|  _| | | | |
  _|_____| |   | | | |___ ___) || |   |  __/ ___ \ ___) |___) | |___| |_| |
 (_)     | |   |_| |_____|____/ |_|   |_| /_/   \_\____/|____/|_____|____/ 
        /_/                                                                

TEST PASSED: Testing a mapping the plans information, with the requestBody of POST EndPoint
----------------------------------------------------------------------------
]]></system-err>
</testsuite>
