<?xml version="1.0" encoding="UTF-8"?>
<testsuite name="Map the plans and Addons to the customer" tests="1" skipped="0" failures="0" errors="0" timestamp="2018-07-02T14:40:18" hostname="FULL375-PRT.FULL.Creative" time="3.582">
  <properties/>
  <testcase name="Testing a mapping the plans information, with the requestBody of POST EndPoint" classname="Map the plans and Addons to the customer" time="3.582"/>
  <system-out><![CDATA[    ?[32mGiven ?[0m?[32mget the proper data object to assign the plans for the customer?[0m                  ?[90m# CreatePlansAddonsStepDefinition.get_the_proper_data_object_to_assign_the_plans_for_the_customer()?[0m
    ?[32mWhen ?[0m?[32mcall the createPlansAndAddons service?[0m                                             ?[90m# CreatePlansAddonsStepDefinition.call_the_createPlansAndAddons_service()?[0m
    ?[32mAnd ?[0m?[32mcheck the statusCode and validate the response whether plan get assigned or not?[0m    ?[90m# CreatePlansAddonsStepDefinition.check_the_statusCode_and_validate_the_response_whether_plan_get_assigned_or_not()?[0m
]]></system-out>
  <system-err><![CDATA[[Test worker] INFO net.thucydides.core.steps.ConsoleLoggingListener - 
        __    _____ _____ ____ _____   ____   _    ____  ____  _____ ____  
  _     \ \  |_   _| ____/ ___|_   _| |  _ \ / \  / ___|/ ___|| ____|  _ \ 
 (_)_____| |   | | |  _| \___ \ | |   | |_) / _ \ \___ \\___ \|  _| | | | |
  _|_____| |   | | | |___ ___) || |   |  __/ ___ \ ___) |___) | |___| |_| |
 (_)     | |   |_| |_____|____/ |_|   |_| /_/   \_\____/|____/|_____|____/ 
        /_/                                                                

TEST PASSED: Testing a mapping the plans information, with the requestBody of POST EndPoint
----------------------------------------------------------------------------
]]></system-err>
</testsuite>
